Flat profile:

Each sample counts as 0.01 seconds.
  %   cumulative   self              self     total           
 time   seconds   seconds    calls  ms/call  ms/call  name    
 51.72      0.15     0.15  5022139     0.00     0.00  main
 10.34      0.18     0.03  2820026     0.00     0.00  _fini
 10.34      0.21     0.03   802844     0.00     0.00  getUpperBound(int, int)
  6.90      0.23     0.02   802840     0.00     0.00  Stack::~Stack()
  3.45      0.24     0.01  1650918     0.00     0.00  global constructors keyed to Stack::Stack()
  3.45      0.25     0.01   802847     0.00     0.00  Stack::~Stack()
  3.45      0.26     0.01   802844     0.00     0.00  Stack::pop()
  3.45      0.27     0.01   200710     0.00     0.00  global constructors keyed to generateInitState(int, int, int)
  3.45      0.28     0.01                             __static_initialization_and_destruction_0(int, int)
  3.45      0.29     0.01                             Stack::push(Item*)
  0.00      0.29     0.00   602150     0.00     0.00  Step::~Step()
  0.00      0.29     0.00   200714     0.00     0.00  __libc_csu_init
  0.00      0.29     0.00       18     0.00     4.95  Step::Step(int, int, int, Step*)
  0.00      0.29     0.00        9     0.00     0.00  Step::Step(Step const&)
  0.00      0.29     0.00        2     0.00     0.00  Item::Item(int, int, int)
  0.00      0.29     0.00        1     0.00     0.00  global constructors keyed to Item::Item(int, int, int)
  0.00      0.29     0.00        1     0.00     0.00  Step::getNext()
  0.00      0.29     0.00        1     0.00     0.00  Step::~Step()

 %         the percentage of the total running time of the
time       program used by this function.

cumulative a running sum of the number of seconds accounted
 seconds   for by this function and those listed above it.

 self      the number of seconds accounted for by this
seconds    function alone.  This is the major sort for this
           listing.

calls      the number of times this function was invoked, if
           this function is profiled, else blank.
 
 self      the average number of milliseconds spent in this
ms/call    function per call, if this function is profiled,
	   else blank.

 total     the average number of milliseconds spent in this
ms/call    function and its descendents per call, if this 
	   function is profiled, else blank.

name       the name of the function.  This is the minor sort
           for this listing. The index shows the location of
	   the function in the gprof listing. If the index is
	   in parenthesis it shows where it would appear in
	   the gprof listing if it were to be printed.

		     Call graph (explanation follows)


granularity: each sample hit covers 4 byte(s) for 3.45% of 0.29 seconds

index % time    self  children    called     name
[1]     81.9    0.18    0.06 5754529+2087636 <cycle 1 as a whole> [1]
                0.15    0.06 5022139+1576339     main <cycle 1> [2]
                0.03    0.00 2820026+20          _fini <cycle 1> [9]
-----------------------------------------------
                             1576339             main <cycle 1> [2]
                              602132             _fini <cycle 1> [9]
                0.00    0.00       1/5754529     Item::Item(Item const&) [21]
                0.00    0.00       6/5754529     Item::Item(int, int, int) [20]
                0.00    0.00      12/5754529     Item::~Item() [23]
                0.01    0.00  200714/5754529     __do_global_ctors_aux [18]
                0.01    0.00  244127/5754529     Item::generateOptions() [3]
                0.01    0.00  444818/5754529     Item::doStep(int*) [6]
                0.02    0.01  556715/5754529     __static_initialization_and_destruction_0(int, int) [11]
                0.03    0.01  846240/5754529     Item::popOption() [7]
                0.07    0.02 2127374/5754529     __libc_csu_init [4]
[2]     71.6    0.15    0.06 5022139+1576339 main <cycle 1> [2]
                0.02    0.00  802840/802840      Stack::~Stack() [12]
                0.01    0.00  802844/802844      Stack::pop() [15]
                0.01    0.00  802844/802847      Stack::~Stack() [14]
                0.01    0.00  235815/802844      getUpperBound(int, int) [10]
                0.01    0.00 1450204/1650918     global constructors keyed to Stack::Stack() [13]
                             1485504             _fini <cycle 1> [9]
                             1576339             main <cycle 1> [2]
-----------------------------------------------
                                                 <spontaneous>
[3]     41.1    0.00    0.12                 Item::generateOptions() [3]
                0.00    0.09      18/18          Step::Step(int, int, int, Step*) [5]
                0.02    0.00  488229/5754529     _fini <cycle 1> [9]
                0.01    0.00  244127/5754529     main <cycle 1> [2]
                0.00    0.00       1/2           Item::Item(int, int, int) [20]
                0.00    0.00       9/9           Step::Step(Step const&) [30]
                0.00    0.00       1/602150      Step::~Step() [29]
-----------------------------------------------
                0.00    0.00       4/200714      Item::Item(int, int, int) [20]
                0.00    0.09  200710/200714      Step::Step(int, int, int, Step*) [5]
[4]     30.7    0.00    0.09  200714         __libc_csu_init [4]
                0.07    0.02 2127374/5754529     main <cycle 1> [2]
                0.00    0.00  200714/1650918     global constructors keyed to Stack::Stack() [13]
-----------------------------------------------
                0.00    0.09      18/18          Item::generateOptions() [3]
[5]     30.7    0.00    0.09      18         Step::Step(int, int, int, Step*) [5]
                0.00    0.09  200710/200714      __libc_csu_init [4]
-----------------------------------------------
                                                 <spontaneous>
[6]     16.1    0.00    0.05                 Item::doStep(int*) [6]
                0.01    0.00  444820/5754529     _fini <cycle 1> [9]
                0.01    0.00  444818/5754529     main <cycle 1> [2]
                0.01    0.00  200710/200710      global constructors keyed to generateInitState(int, int, int) [16]
                0.00    0.00  401420/602150      Step::~Step() [29]
-----------------------------------------------
                                                 <spontaneous>
[7]     14.9    0.00    0.04                 Item::popOption() [7]
                0.03    0.01  846240/5754529     main <cycle 1> [2]
                0.01    0.00  200711/5754529     _fini <cycle 1> [9]
                0.00    0.00  200729/602150      Step::~Step() [29]
-----------------------------------------------
                                                 <spontaneous>
[8]     10.8    0.01    0.02                 Stack::push(Item*) [8]
                0.02    0.00  567025/802844      getUpperBound(int, int) [10]
-----------------------------------------------
                                  20             _fini <cycle 1> [9]
                             1485504             main <cycle 1> [2]
                0.00    0.00       1/5754529     Item::Item(Item const&) [21]
                0.00    0.00       4/5754529     Item::~Item() [23]
                0.00    0.00       9/5754529     Item::hasOption() [25]
                0.00    0.00       9/5754529     Item::getNoDiscs() const [26]
                0.00    0.00       9/5754529     Item::getPoleNoDiscs(char) [24]
                0.00    0.00      20/5754529     Item::print(std::ostream&) [22]
                0.01    0.00  200710/5754529     int const& std::max<int>(int const&, int const&) [19]
                0.01    0.00  200711/5754529     Item::popOption() [7]
                0.01    0.00  444820/5754529     Item::doStep(int*) [6]
                0.02    0.00  488229/5754529     Item::generateOptions() [3]
[9]     10.3    0.03    0.00 2820026+20      _fini <cycle 1> [9]
                0.00    0.00       1/802847      Stack::~Stack() [14]
                0.00    0.00       1/1           Step::getNext() [32]
                              602132             main <cycle 1> [2]
                                  20             _fini <cycle 1> [9]
-----------------------------------------------
                0.00    0.00       4/802844      Item::Item(int, int, int) [20]
                0.01    0.00  235815/802844      main <cycle 1> [2]
                0.02    0.00  567025/802844      Stack::push(Item*) [8]
[10]    10.3    0.03    0.00  802844         getUpperBound(int, int) [10]
-----------------------------------------------
                                                 <spontaneous>
[11]     7.9    0.00    0.02                 __static_initialization_and_destruction_0(int, int) [11]
                0.02    0.01  556715/5754529     main <cycle 1> [2]
-----------------------------------------------
                0.02    0.00  802840/802840      main <cycle 1> [2]
[12]     6.9    0.02    0.00  802840         Stack::~Stack() [12]
-----------------------------------------------
                0.00    0.00  200714/1650918     __libc_csu_init [4]
                0.01    0.00 1450204/1650918     main <cycle 1> [2]
[13]     3.4    0.01    0.00 1650918         global constructors keyed to Stack::Stack() [13]
-----------------------------------------------
                0.00    0.00       1/802847      _fini <cycle 1> [9]
                0.00    0.00       2/802847      Item::Item(Item const&) [21]
                0.01    0.00  802844/802847      main <cycle 1> [2]
[14]     3.4    0.01    0.00  802847         Stack::~Stack() [14]
                0.00    0.00       1/1           global constructors keyed to Item::Item(int, int, int) [31]
-----------------------------------------------
                0.01    0.00  802844/802844      main <cycle 1> [2]
[15]     3.4    0.01    0.00  802844         Stack::pop() [15]
-----------------------------------------------
                0.01    0.00  200710/200710      Item::doStep(int*) [6]
[16]     3.4    0.01    0.00  200710         global constructors keyed to generateInitState(int, int, int) [16]
-----------------------------------------------
                                                 <spontaneous>
[17]     3.4    0.01    0.00                 __static_initialization_and_destruction_0(int, int) [17]
-----------------------------------------------
                                                 <spontaneous>
[18]     2.9    0.00    0.01                 __do_global_ctors_aux [18]
                0.01    0.00  200714/5754529     main <cycle 1> [2]
-----------------------------------------------
                                                 <spontaneous>
[19]     2.9    0.00    0.01                 int const& std::max<int>(int const&, int const&) [19]
                0.01    0.00  200710/5754529     _fini <cycle 1> [9]
-----------------------------------------------
                0.00    0.00       1/2           Item::Item(Item const&) [21]
                0.00    0.00       1/2           Item::generateOptions() [3]
[20]     0.0    0.00    0.00       2         Item::Item(int, int, int) [20]
                0.00    0.00       4/200714      __libc_csu_init [4]
                0.00    0.00       6/5754529     main <cycle 1> [2]
                0.00    0.00       4/802844      getUpperBound(int, int) [10]
-----------------------------------------------
                                                 <spontaneous>
[21]     0.0    0.00    0.00                 Item::Item(Item const&) [21]
                0.00    0.00       1/2           Item::Item(int, int, int) [20]
                0.00    0.00       1/5754529     main <cycle 1> [2]
                0.00    0.00       1/5754529     _fini <cycle 1> [9]
                0.00    0.00       2/802847      Stack::~Stack() [14]
-----------------------------------------------
                                                 <spontaneous>
[22]     0.0    0.00    0.00                 Item::print(std::ostream&) [22]
                0.00    0.00      20/5754529     _fini <cycle 1> [9]
-----------------------------------------------
                                                 <spontaneous>
[23]     0.0    0.00    0.00                 Item::~Item() [23]
                0.00    0.00      12/5754529     main <cycle 1> [2]
                0.00    0.00       4/5754529     _fini <cycle 1> [9]
-----------------------------------------------
                                                 <spontaneous>
[24]     0.0    0.00    0.00                 Item::getPoleNoDiscs(char) [24]
                0.00    0.00       9/5754529     _fini <cycle 1> [9]
-----------------------------------------------
                                                 <spontaneous>
[25]     0.0    0.00    0.00                 Item::hasOption() [25]
                0.00    0.00       9/5754529     _fini <cycle 1> [9]
-----------------------------------------------
                                                 <spontaneous>
[26]     0.0    0.00    0.00                 Item::getNoDiscs() const [26]
                0.00    0.00       9/5754529     _fini <cycle 1> [9]
-----------------------------------------------
                0.00    0.00       1/602150      Item::generateOptions() [3]
                0.00    0.00  200729/602150      Item::popOption() [7]
                0.00    0.00  401420/602150      Item::doStep(int*) [6]
[29]     0.0    0.00    0.00  602150         Step::~Step() [29]
-----------------------------------------------
                0.00    0.00       9/9           Item::generateOptions() [3]
[30]     0.0    0.00    0.00       9         Step::Step(Step const&) [30]
-----------------------------------------------
                0.00    0.00       1/1           Stack::~Stack() [14]
[31]     0.0    0.00    0.00       1         global constructors keyed to Item::Item(int, int, int) [31]
-----------------------------------------------
                0.00    0.00       1/1           _fini <cycle 1> [9]
[32]     0.0    0.00    0.00       1         Step::getNext() [32]
-----------------------------------------------
                0.00    0.00       1/1           Step::hasNext() [49]
[33]     0.0    0.00    0.00       1         Step::~Step() [33]
-----------------------------------------------

 This table describes the call tree of the program, and was sorted by
 the total amount of time spent in each function and its children.

 Each entry in this table consists of several lines.  The line with the
 index number at the left hand margin lists the current function.
 The lines above it list the functions that called this function,
 and the lines below it list the functions this one called.
 This line lists:
     index	A unique number given to each element of the table.
		Index numbers are sorted numerically.
		The index number is printed next to every function name so
		it is easier to look up where the function in the table.

     % time	This is the percentage of the `total' time that was spent
		in this function and its children.  Note that due to
		different viewpoints, functions excluded by options, etc,
		these numbers will NOT add up to 100%.

     self	This is the total amount of time spent in this function.

     children	This is the total amount of time propagated into this
		function by its children.

     called	This is the number of times the function was called.
		If the function called itself recursively, the number
		only includes non-recursive calls, and is followed by
		a `+' and the number of recursive calls.

     name	The name of the current function.  The index number is
		printed after it.  If the function is a member of a
		cycle, the cycle number is printed between the
		function's name and the index number.


 For the function's parents, the fields have the following meanings:

     self	This is the amount of time that was propagated directly
		from the function into this parent.

     children	This is the amount of time that was propagated from
		the function's children into this parent.

     called	This is the number of times this parent called the
		function `/' the total number of times the function
		was called.  Recursive calls to the function are not
		included in the number after the `/'.

     name	This is the name of the parent.  The parent's index
		number is printed after it.  If the parent is a
		member of a cycle, the cycle number is printed between
		the name and the index number.

 If the parents of the function cannot be determined, the word
 `<spontaneous>' is printed in the `name' field, and all the other
 fields are blank.

 For the function's children, the fields have the following meanings:

     self	This is the amount of time that was propagated directly
		from the child into the function.

     children	This is the amount of time that was propagated from the
		child's children to the function.

     called	This is the number of times the function called
		this child `/' the total number of times the child
		was called.  Recursive calls by the child are not
		listed in the number after the `/'.

     name	This is the name of the child.  The child's index
		number is printed after it.  If the child is a
		member of a cycle, the cycle number is printed
		between the name and the index number.

 If there are any cycles (circles) in the call graph, there is an
 entry for the cycle-as-a-whole.  This entry shows who called the
 cycle (as parents) and the members of the cycle (as children.)
 The `+' recursive calls entry shows the number of function calls that
 were internal to the cycle, and the calls entry for each member shows,
 for that member, how many times it was called from other members of
 the cycle.


Index by function name

  [16] global constructors keyed to generateInitState(int, int, int) (main.cpp) [30] Step::Step(Step const&) [14] Stack::~Stack()
  [31] global constructors keyed to Item::Item(int, int, int) (Item.cpp) [5] Step::Step(int, int, int, Step*) [4] __libc_csu_init
  [13] global constructors keyed to Stack::Stack() (Stack.cpp) [33] Step::~Step() [9] _fini
  [10] getUpperBound(int, int) [29] Step::~Step()          [2] main
  [17] __static_initialization_and_destruction_0(int, int) (main.cpp) [15] Stack::pop() [1] <cycle 1>
  [20] Item::Item(int, int, int) [8] Stack::push(Item*)
  [32] Step::getNext()        [12] Stack::~Stack()
